DEBUG   |170716 02:35:44|Fetching filter data from database
DEBUG   |170716 02:35:44|Loading filters
DEBUG   |170716 02:35:44|-- Loading filter Directories
DEBUG   |170716 02:35:44|-- Loading filter Extradirs
DEBUG   |170716 02:35:44|-- Loading filter Files
DEBUG   |170716 02:35:44|-- Loading filter Incremental
DEBUG   |170716 02:35:44|-- Loading filter Multidb
DEBUG   |170716 02:35:44|-- Loading filter Regexdirectories
DEBUG   |170716 02:35:44|-- Loading filter Regexfiles
DEBUG   |170716 02:35:44|-- Loading filter Regexskipdirs
DEBUG   |170716 02:35:44|-- Loading filter Regexskipfiles
DEBUG   |170716 02:35:44|-- Loading filter Regextabledata
DEBUG   |170716 02:35:44|-- Loading filter Regextables
DEBUG   |170716 02:35:44|-- Loading filter Skipdirs
DEBUG   |170716 02:35:44|-- Loading filter Skipfiles
DEBUG   |170716 02:35:44|-- Loading filter Tabledata
DEBUG   |170716 02:35:44|-- Loading filter Tables
DEBUG   |170716 02:35:44|-- Loading filter Cvsfolders
DEBUG   |170716 02:35:44|-- Loading filter Excludefiles
DEBUG   |170716 02:35:44|-- Loading filter Excludefolders
DEBUG   |170716 02:35:44|-- Loading filter Excludetabledata
DEBUG   |170716 02:35:44|-- Loading filter Joomlaskipdirs
DEBUG   |170716 02:35:44|-- Loading filter Joomlaskipfiles
DEBUG   |170716 02:35:44|-- Loading filter Libraries
DEBUG   |170716 02:35:44|-- Loading filter Sitedb
DEBUG   |170716 02:35:44|-- Loading filter Siteroot
DEBUG   |170716 02:35:44|-- Loading filter Systemcachefiles
DEBUG   |170716 02:35:44|Loading optional filters
DEBUG   |170716 02:35:44|-- Loading optional filter Stack\StackErrorlogs
DEBUG   |170716 02:35:44|-- Loading optional filter Stack\StackHoststats
DEBUG   |170716 02:35:44|-- Loading optional filter Stack\StackFinder
DEBUG   |170716 02:35:44|-- Loading optional filter Stack\StackMyjoomla
DEBUG   |170716 02:36:29|Fetching filter data from database
DEBUG   |170716 02:36:29|Loading filters
DEBUG   |170716 02:36:29|-- Loading filter Directories
DEBUG   |170716 02:36:29|-- Loading filter Extradirs
DEBUG   |170716 02:36:29|-- Loading filter Files
DEBUG   |170716 02:36:29|-- Loading filter Incremental
DEBUG   |170716 02:36:29|-- Loading filter Multidb
DEBUG   |170716 02:36:29|-- Loading filter Regexdirectories
DEBUG   |170716 02:36:29|-- Loading filter Regexfiles
DEBUG   |170716 02:36:29|-- Loading filter Regexskipdirs
DEBUG   |170716 02:36:29|-- Loading filter Regexskipfiles
DEBUG   |170716 02:36:29|-- Loading filter Regextabledata
DEBUG   |170716 02:36:29|-- Loading filter Regextables
DEBUG   |170716 02:36:29|-- Loading filter Skipdirs
DEBUG   |170716 02:36:29|-- Loading filter Skipfiles
DEBUG   |170716 02:36:29|-- Loading filter Tabledata
DEBUG   |170716 02:36:29|-- Loading filter Tables
DEBUG   |170716 02:36:29|-- Loading filter Cvsfolders
DEBUG   |170716 02:36:29|-- Loading filter Excludefiles
DEBUG   |170716 02:36:29|-- Loading filter Excludefolders
DEBUG   |170716 02:36:29|-- Loading filter Excludetabledata
DEBUG   |170716 02:36:29|-- Loading filter Joomlaskipdirs
DEBUG   |170716 02:36:29|-- Loading filter Joomlaskipfiles
DEBUG   |170716 02:36:29|-- Loading filter Libraries
DEBUG   |170716 02:36:29|-- Loading filter Sitedb
DEBUG   |170716 02:36:29|-- Loading filter Siteroot
DEBUG   |170716 02:36:29|-- Loading filter Systemcachefiles
DEBUG   |170716 02:36:29|Loading optional filters
DEBUG   |170716 02:36:29|-- Loading optional filter Stack\StackErrorlogs
DEBUG   |170716 02:36:29|-- Loading optional filter Stack\StackHoststats
DEBUG   |170716 02:36:29|-- Loading optional filter Stack\StackFinder
DEBUG   |170716 02:36:29|-- Loading optional filter Stack\StackMyjoomla
DEBUG   |170716 02:36:39|Fetching filter data from database
DEBUG   |170716 02:36:39|Loading filters
DEBUG   |170716 02:36:39|-- Loading filter Directories
DEBUG   |170716 02:36:39|-- Loading filter Extradirs
DEBUG   |170716 02:36:39|-- Loading filter Files
DEBUG   |170716 02:36:39|-- Loading filter Incremental
DEBUG   |170716 02:36:39|-- Loading filter Multidb
DEBUG   |170716 02:36:39|-- Loading filter Regexdirectories
DEBUG   |170716 02:36:39|-- Loading filter Regexfiles
DEBUG   |170716 02:36:39|-- Loading filter Regexskipdirs
DEBUG   |170716 02:36:39|-- Loading filter Regexskipfiles
DEBUG   |170716 02:36:39|-- Loading filter Regextabledata
DEBUG   |170716 02:36:39|-- Loading filter Regextables
DEBUG   |170716 02:36:39|-- Loading filter Skipdirs
DEBUG   |170716 02:36:39|-- Loading filter Skipfiles
DEBUG   |170716 02:36:39|-- Loading filter Tabledata
DEBUG   |170716 02:36:39|-- Loading filter Tables
DEBUG   |170716 02:36:39|-- Loading filter Cvsfolders
DEBUG   |170716 02:36:39|-- Loading filter Excludefiles
DEBUG   |170716 02:36:39|-- Loading filter Excludefolders
DEBUG   |170716 02:36:39|-- Loading filter Excludetabledata
DEBUG   |170716 02:36:39|-- Loading filter Joomlaskipdirs
DEBUG   |170716 02:36:39|-- Loading filter Joomlaskipfiles
DEBUG   |170716 02:36:39|-- Loading filter Libraries
DEBUG   |170716 02:36:39|-- Loading filter Sitedb
DEBUG   |170716 02:36:39|-- Loading filter Siteroot
DEBUG   |170716 02:36:39|-- Loading filter Systemcachefiles
DEBUG   |170716 02:36:39|Loading optional filters
DEBUG   |170716 02:36:39|-- Loading optional filter Stack\StackErrorlogs
DEBUG   |170716 02:36:39|-- Loading optional filter Stack\StackHoststats
DEBUG   |170716 02:36:39|-- Loading optional filter Stack\StackFinder
DEBUG   |170716 02:36:39|-- Loading optional filter Stack\StackMyjoomla
